<?xml version="1.0" encoding="UTF-8"?>
<testng-results skipped="0" failed="0" total="1" passed="1">
  <reporter-output>
  </reporter-output>
  <suite name="Default suite" duration-ms="867" started-at="2018-05-25T08:18:43Z" finished-at="2018-05-25T08:18:44Z">
    <groups>
    </groups>
    <test name="Default test" duration-ms="867" started-at="2018-05-25T08:18:43Z" finished-at="2018-05-25T08:18:44Z">
      <class name="com.example.utdemo.FooServiceImplTest">
        <test-method status="PASS" signature="springTestContextBeforeTestClass()[pri:0, instance:com.example.utdemo.FooServiceImplTest@3c9d0b9d]" name="springTestContextBeforeTestClass" is-config="true" duration-ms="36" started-at="2018-05-25T16:18:43Z" finished-at="2018-05-25T16:18:44Z">
          <reporter-output>
          </reporter-output>
        </test-method> <!-- springTestContextBeforeTestClass -->
        <test-method status="PASS" signature="springTestContextPrepareTestInstance()[pri:0, instance:com.example.utdemo.FooServiceImplTest@3c9d0b9d]" name="springTestContextPrepareTestInstance" is-config="true" duration-ms="736" started-at="2018-05-25T16:18:44Z" depends-on-methods="org.springframework.test.context.testng.AbstractTestNGSpringContextTests.springTestContextBeforeTestClass" finished-at="2018-05-25T16:18:44Z">
          <reporter-output>
          </reporter-output>
        </test-method> <!-- springTestContextPrepareTestInstance -->
        <test-method status="PASS" signature="springTestContextBeforeTestMethod(java.lang.reflect.Method)[pri:0, instance:com.example.utdemo.FooServiceImplTest@3c9d0b9d]" name="springTestContextBeforeTestMethod" is-config="true" duration-ms="11" started-at="2018-05-25T16:18:44Z" finished-at="2018-05-25T16:18:44Z">
          <params>
            <param index="0">
              <value>
                <![CDATA[public void com.example.utdemo.FooServiceImplTest.test()]]>
              </value>
            </param>
          </params>
          <reporter-output>
          </reporter-output>
        </test-method> <!-- springTestContextBeforeTestMethod -->
        <test-method status="PASS" signature="test()[pri:0, instance:com.example.utdemo.FooServiceImplTest@3c9d0b9d]" name="test" duration-ms="35" started-at="2018-05-25T16:18:44Z" finished-at="2018-05-25T16:18:44Z">
          <reporter-output>
          </reporter-output>
        </test-method> <!-- test -->
        <test-method status="PASS" signature="springTestContextAfterTestMethod(java.lang.reflect.Method)[pri:0, instance:com.example.utdemo.FooServiceImplTest@3c9d0b9d]" name="springTestContextAfterTestMethod" is-config="true" duration-ms="1" started-at="2018-05-25T16:18:44Z" finished-at="2018-05-25T16:18:44Z">
          <params>
            <param index="0">
              <value>
                <![CDATA[public void com.example.utdemo.FooServiceImplTest.test()]]>
              </value>
            </param>
          </params>
          <reporter-output>
          </reporter-output>
        </test-method> <!-- springTestContextAfterTestMethod -->
        <test-method status="PASS" signature="springTestContextAfterTestClass()[pri:0, instance:com.example.utdemo.FooServiceImplTest@3c9d0b9d]" name="springTestContextAfterTestClass" is-config="true" duration-ms="6" started-at="2018-05-25T16:18:44Z" finished-at="2018-05-25T16:18:44Z">
          <reporter-output>
          </reporter-output>
        </test-method> <!-- springTestContextAfterTestClass -->
      </class> <!-- com.example.utdemo.FooServiceImplTest -->
    </test> <!-- Default test -->
  </suite> <!-- Default suite -->
</testng-results>
